d:\opengl_c++\app_draw_3d\app_draw_3d\debug\vc140.pdb
d:\opengl_c++\app_draw_3d\app_draw_3d\debug\vc140.idb
d:\opengl_c++\app_draw_3d\app_draw_3d\debug\coneattribute.obj
d:\opengl_c++\app_draw_3d\app_draw_3d\debug\cubeattribute.obj
d:\opengl_c++\app_draw_3d\app_draw_3d\debug\cuberoundattribute.obj
d:\opengl_c++\app_draw_3d\app_draw_3d\debug\emptycylinderattribute.obj
d:\opengl_c++\app_draw_3d\app_draw_3d\debug\cylinderattribute.obj
d:\opengl_c++\app_draw_3d\app_draw_3d\debug\objectcustom0attribute.obj
d:\opengl_c++\app_draw_3d\app_draw_3d\debug\pictureattribute.obj
d:\opengl_c++\app_draw_3d\app_draw_3d\debug\pyramidattribute.obj
d:\opengl_c++\app_draw_3d\app_draw_3d\debug\quaternion.obj
d:\opengl_c++\app_draw_3d\app_draw_3d\debug\source.obj
d:\opengl_c++\app_draw_3d\app_draw_3d\debug\sphereattribute.obj
d:\opengl_c++\app_draw_3d\app_draw_3d\debug\sqlserverconnect.obj
d:\opengl_c++\app_draw_3d\app_draw_3d\debug\suppostforapp.obj
d:\opengl_c++\app_draw_3d\app_draw_3d\debug\suppostforapp2.obj
d:\opengl_c++\app_draw_3d\app_draw_3d\debug\suppostforapp3.obj
d:\opengl_c++\app_draw_3d\app_draw_3d\debug\torusattribute.obj
d:\opengl_c++\app_draw_3d\app_draw_3d\debug\triangleattribute.obj
d:\opengl_c++\app_draw_3d\app_draw_3d\debug\trianglefanattribute.obj
d:\opengl_c++\app_draw_3d\app_draw_3d\debug\trianglestripattribute.obj
d:\opengl_c++\app_draw_3d\app_draw_3d\debug\vector.obj
d:\opengl_c++\app_draw_3d\debug\app_draw_3d.ilk
d:\opengl_c++\app_draw_3d\debug\app_draw_3d.exe
d:\opengl_c++\app_draw_3d\debug\app_draw_3d.pdb
d:\opengl_c++\app_draw_3d\app_draw_3d\debug\app_draw_3d.res
d:\opengl_c++\app_draw_3d\app_draw_3d\debug\app_draw_3d.tlog\cl.command.1.tlog
d:\opengl_c++\app_draw_3d\app_draw_3d\debug\app_draw_3d.tlog\cl.read.1.tlog
d:\opengl_c++\app_draw_3d\app_draw_3d\debug\app_draw_3d.tlog\cl.write.1.tlog
d:\opengl_c++\app_draw_3d\app_draw_3d\debug\app_draw_3d.tlog\link.command.1.tlog
d:\opengl_c++\app_draw_3d\app_draw_3d\debug\app_draw_3d.tlog\link.read.1.tlog
d:\opengl_c++\app_draw_3d\app_draw_3d\debug\app_draw_3d.tlog\link.write.1.tlog
d:\opengl_c++\app_draw_3d\app_draw_3d\debug\app_draw_3d.tlog\rc.command.1.tlog
d:\opengl_c++\app_draw_3d\app_draw_3d\debug\app_draw_3d.tlog\rc.read.1.tlog
d:\opengl_c++\app_draw_3d\app_draw_3d\debug\app_draw_3d.tlog\rc.write.1.tlog
