d:\opengl_c++\app_draw_3d\app_draw_3d\release\vc140.pdb
d:\opengl_c++\app_draw_3d\app_draw_3d\release\vector.obj
d:\opengl_c++\app_draw_3d\app_draw_3d\release\trianglestripattribute.obj
d:\opengl_c++\app_draw_3d\app_draw_3d\release\trianglefanattribute.obj
d:\opengl_c++\app_draw_3d\app_draw_3d\release\triangleattribute.obj
d:\opengl_c++\app_draw_3d\app_draw_3d\release\torusattribute.obj
d:\opengl_c++\app_draw_3d\app_draw_3d\release\suppostforapp3.obj
d:\opengl_c++\app_draw_3d\app_draw_3d\release\suppostforapp2.obj
d:\opengl_c++\app_draw_3d\app_draw_3d\release\suppostforapp.obj
d:\opengl_c++\app_draw_3d\app_draw_3d\release\sqlserverconnect.obj
d:\opengl_c++\app_draw_3d\app_draw_3d\release\sphereattribute.obj
d:\opengl_c++\app_draw_3d\app_draw_3d\release\source.obj
d:\opengl_c++\app_draw_3d\app_draw_3d\release\quaternion.obj
d:\opengl_c++\app_draw_3d\app_draw_3d\release\pyramidattribute.obj
d:\opengl_c++\app_draw_3d\app_draw_3d\release\pictureattribute.obj
d:\opengl_c++\app_draw_3d\app_draw_3d\release\cylinderattribute.obj
d:\opengl_c++\app_draw_3d\app_draw_3d\release\emptycylinderattribute.obj
d:\opengl_c++\app_draw_3d\app_draw_3d\release\cuberoundattribute.obj
d:\opengl_c++\app_draw_3d\app_draw_3d\release\cubeattribute.obj
d:\opengl_c++\app_draw_3d\app_draw_3d\release\coneattribute.obj
d:\opengl_c++\app_draw_3d\app_draw_3d\release\app_draw_3d.tlog\cl.command.1.tlog
d:\opengl_c++\app_draw_3d\app_draw_3d\release\app_draw_3d.tlog\cl.read.1.tlog
d:\opengl_c++\app_draw_3d\app_draw_3d\release\app_draw_3d.tlog\cl.write.1.tlog
d:\opengl_c++\app_draw_3d\app_draw_3d\release\app_draw_3d.tlog\link.command.1.tlog
d:\opengl_c++\app_draw_3d\app_draw_3d\release\app_draw_3d.tlog\link.read.1.tlog
d:\opengl_c++\app_draw_3d\app_draw_3d\release\app_draw_3d.tlog\link.read.4.tlog
d:\opengl_c++\app_draw_3d\app_draw_3d\release\app_draw_3d.tlog\link.write.1.tlog
